MODSAppv0.5.1.4/app/build/outputs/logs/manifest-merger-debug-report.txt
-- Merging decision tree log ---
manifest
ADDED from src\main\AndroidManifest.xml:10:1-54:12
	package
		ADDED from src\main\AndroidManifest.xml:11:7-47
		INJECTED from src\main\AndroidManifest.xml
		INJECTED from src\main\AndroidManifest.xml
	android:versionName
		ADDED from src\main\AndroidManifest.xml:13:7-32
		INJECTED from src\main\AndroidManifest.xml
		INJECTED from src\main\AndroidManifest.xml
	android:versionCode
		ADDED from src\main\AndroidManifest.xml:12:7-30
		INJECTED from src\main\AndroidManifest.xml
		INJECTED from src\main\AndroidManifest.xml
	xmlns:android
		ADDED from src\main\AndroidManifest.xml:10:11-69
uses-sdk
ADDED from src\main\AndroidManifest.xml:14:5-73
	android:targetSdkVersion
		ADDED from src\main\AndroidManifest.xml:14:41-70
		INJECTED from src\main\AndroidManifest.xml
		INJECTED from src\main\AndroidManifest.xml
	android:minSdkVersion
		ADDED from src\main\AndroidManifest.xml:14:15-40
		INJECTED from src\main\AndroidManifest.xml
		INJECTED from src\main\AndroidManifest.xml
application
ADDED from src\main\AndroidManifest.xml:15:5-53:19
	android:label
		ADDED from src\main\AndroidManifest.xml:16:11-43
	android:debuggable
		ADDED from src\main\AndroidManifest.xml:17:11-36
	android:icon
		ADDED from src\main\AndroidManifest.xml:15:18-54
activity#org.example.prehistoricflorida.PrehistoricFlorida
ADDED from src\main\AndroidManifest.xml:18:9-24:20
	android:label
		ADDED from src\main\AndroidManifest.xml:19:15-47
	android:name
		ADDED from src\main\AndroidManifest.xml:18:19-83
intent-filter#android.intent.action.MAIN+android.intent.category.LAUNCHER
ADDED from src\main\AndroidManifest.xml:20:13-23:29
action#android.intent.action.MAIN
ADDED from src\main\AndroidManifest.xml:21:17-69
	android:name
		ADDED from src\main\AndroidManifest.xml:21:25-66
category#android.intent.category.LAUNCHER
ADDED from src\main\AndroidManifest.xml:22:17-77
	android:name
		ADDED from src\main\AndroidManifest.xml:22:27-74
activity#org.example.prehistoricflorida.About
ADDED from src\main\AndroidManifest.xml:25:9-28:20
	android:label
		ADDED from src\main\AndroidManifest.xml:26:15-50
	android:theme
		ADDED from src\main\AndroidManifest.xml:27:15-58
	android:name
		ADDED from src\main\AndroidManifest.xml:25:19-70
activity#org.example.prehistoricflorida.Prefs
ADDED from src\main\AndroidManifest.xml:29:9-31:20
	android:label
		ADDED from src\main\AndroidManifest.xml:30:15-53
	android:name
		ADDED from src\main\AndroidManifest.xml:29:19-70
activity#org.example.prehistoricflorida.Animals
ADDED from src\main\AndroidManifest.xml:32:9-34:20
	android:label
		ADDED from src\main\AndroidManifest.xml:33:17-40
	android:name
		ADDED from src\main\AndroidManifest.xml:32:19-72
activity#org.example.prehistoricflorida.Games
ADDED from src\main\AndroidManifest.xml:35:9-37:20
	android:label
		ADDED from src\main\AndroidManifest.xml:36:13-34
	android:name
		ADDED from src\main\AndroidManifest.xml:35:19-70
activity#org.example.prehistoricflorida.Map
ADDED from src\main\AndroidManifest.xml:38:9-40:20
	android:label
		ADDED from src\main\AndroidManifest.xml:39:13-32
	android:name
		ADDED from src\main\AndroidManifest.xml:38:19-68
activity#org.example.prehistoricflorida.SeaLevel
ADDED from src\main\AndroidManifest.xml:41:9-43:20
	android:label
		ADDED from src\main\AndroidManifest.xml:42:13-38
	android:name
		ADDED from src\main\AndroidManifest.xml:41:19-73
activity#org.example.prehistoricflorida.AnimalInfo
ADDED from src\main\AndroidManifest.xml:44:9-46:20
	android:label
		ADDED from src\main\AndroidManifest.xml:45:13-40
	android:name
		ADDED from src\main\AndroidManifest.xml:44:19-75
activity#org.example.prehistoricflorida.SizeComparison
ADDED from src\main\AndroidManifest.xml:47:9-49:20
	android:label
		ADDED from src\main\AndroidManifest.xml:48:13-44
	android:name
		ADDED from src\main\AndroidManifest.xml:47:19-79
activity#org.example.prehistoricflorida.Evolution
ADDED from src\main\AndroidManifest.xml:50:9-52:20
	android:label
		ADDED from src\main\AndroidManifest.xml:51:13-38
	android:name
		ADDED from src\main\AndroidManifest.xml:50:19-74